<?xml version="1.0" encoding="UTF-8"?>
<!-- Generated by org.testng.reporters.JUnitReportReporter -->
<testsuite name="yhtTestNG02.yhtTestNG02.baomaInterface" tests="6" time="1.258" ignored="0" failures="0" timestamp="22 Jul 2020 07:54:09 GMT" skipped="0" hostname="juandeMacBook-Pro.local" errors="0">
  <testcase name="modifyScopeUserTest" time="0.002" classname="yhtTestNG02.yhtTestNG02.baomaInterface"/>
  <testcase name="getLoginTokenByAccessTokenTest" time="0.021" classname="yhtTestNG02.yhtTestNG02.baomaInterface"/>
  <testcase name="addScopeUserTest" time="0.894" classname="yhtTestNG02.yhtTestNG02.baomaInterface"/>
  <testcase name="generateAccessTokenWithScopeTest" time="0.087" classname="yhtTestNG02.yhtTestNG02.baomaInterface"/>
  <testcase name="getScopeUserInfoTest" time="0.042" classname="yhtTestNG02.yhtTestNG02.baomaInterface"/>
  <testcase name="genLoginTokenWithScopeTest" time="0.212" classname="yhtTestNG02.yhtTestNG02.baomaInterface"/>
</testsuite> <!-- yhtTestNG02.yhtTestNG02.baomaInterface -->
